{
  "RSpec": {
    "coverage": {
      "/Users/stevejones/dev/ruby/databases/pairing/bookmark_manager_thursday/spec/features/bookmarks_spec.rb": {
        "lines": [
          null,
          1,
          1,
          1,
          null,
          null,
          1,
          1,
          1,
          null,
          null,
          null,
          1,
          null,
          1,
          1,
          1,
          null,
          null
        ]
      },
      "/Users/stevejones/dev/ruby/databases/pairing/bookmark_manager_thursday/spec/features/index_test_spec.rb": {
        "lines": [
          1,
          1,
          1,
          1,
          null,
          null
        ]
      },
      "/Users/stevejones/dev/ruby/databases/pairing/bookmark_manager_thursday/spec/lib/bookmark_spec.rb": {
        "lines": [
          1,
          null,
          1,
          null,
          1,
          1,
          1,
          null,
          null,
          1,
          1,
          1,
          null,
          null,
          null,
          null,
          1,
          1,
          1,
          null,
          null,
          null
        ]
      }
    },
    "timestamp": 1634225567
  }
}
